




                                                           MSC.Patran 19.1.181182 Tue Feb 19 11:19:26 PST 2013 - Analysis Code: MSC.Nastran 

                                                                            Load Case: EB_Ultimate_+2.5G, A1:Static Subcase 

                                                                      Result Bushing Forces, Translational - Layer (NON-LAYERED) 

                                                                                         Entity: Element Tensor


-Entity ID--Loadcase ID---X Location----Y Location----Z Location---X Component---Y Component---Z Component---Property ID-----------Property Name-----------
    1726           9      1576.527954   -904.473022    271.162506      0.000000   -375.499176    -11.038382        10                             BUSH_aft
    1727           9      1575.678223   -902.367615    270.953369     -0.000000      0.000000    -30.342798        10                             BUSH_aft
    1731           9      1571.380127   -891.714905    269.894592     -0.000000     -0.000000     -7.853930        10                             BUSH_aft
    1732           9      1570.635010   -889.868042    269.710876     -0.000000      0.000000    -16.263578        10                             BUSH_aft
    1733           9      1569.889893   -888.021118    269.527161      0.000000      0.000000    -35.413582        10                             BUSH_aft
    1734           9      1569.144531   -886.174255    269.343353     -0.000000     -0.000000    -28.797775        10                             BUSH_aft
    1735           9      1568.399048   -884.327026    269.159485     -0.000000    371.799591    -12.168461        10                             BUSH_aft
    1736           9      1566.436035   -884.098999    268.948914   1146.026367     -0.000000    -15.121474        15                           BUSH_chord
    1737           9      1564.557983   -884.901978    268.803802    845.322083     -0.000000    -26.471212        15                           BUSH_chord
    1738           9      1562.790039   -885.648010    268.663788    650.955994     -0.000000    -29.172129        15                           BUSH_chord
    1739           9      1561.022949   -886.393982    268.521790    526.514465     -0.000000    -31.395493        15                           BUSH_chord
    1740           9      1559.255981   -887.140015    268.378815    470.869080     -0.000000    -32.222244        15                           BUSH_chord
    1741           9      1557.489014   -887.887024    268.235504    509.492981     -0.000000    -34.558273        15                           BUSH_chord
    1742           9      1555.722046   -888.632996    268.092804    649.107971     -0.000000    -41.069401        15                           BUSH_chord
    1743           9      1553.954956   -889.379028    267.951294    862.784302     -0.000000    -45.190678        15                           BUSH_chord
    1744           9      1552.178467   -890.124817    267.810974    203.969406     -0.000000    -42.307789        15                           BUSH_chord
    1745           9      1550.441040   -890.862000    267.676788   1000.782288     -0.000000    -25.185555        15                           BUSH_chord
    1746           9      1548.838013   -891.538025    267.555695    881.907104     -0.000000     -3.989689        16                       BUSH_grounding
    1747           9      1548.125977   -892.981995    267.572815    635.899231     -0.000000     -0.062987        17                             BUSH_fwd
    1748           9      1549.443970   -894.643982    267.804413    288.658173     -0.000000    -22.015799        17                             BUSH_fwd
    1749           9      1550.983032   -896.101990    268.045593    171.551666     -0.000000   -182.903015        17                             BUSH_fwd
    1750           9      1552.947998   -899.867004    268.468506    158.533844      0.000000   -326.794647        17                             BUSH_fwd
    1751           9      1553.604980   -901.481018    268.631195    191.174026     -0.000000    -69.356262        17                             BUSH_fwd
    1752           9      1554.262939   -903.093994    268.793793    170.418854     -0.000000    -56.746353        17                             BUSH_fwd
    1753           9      1554.920044   -904.706970    268.956390    122.721748     -0.000000   -133.161301        17                             BUSH_fwd
    1754           9      1556.160034   -908.778015    269.325592    -96.056541      0.000000   -105.002907        17                             BUSH_fwd
    1755           9      1556.097900   -910.908936    269.450562   -111.613121      0.000000    -18.987411        17                             BUSH_fwd
    1756           9      1556.326050   -913.026001    269.603790   -657.645142      0.000000    -11.769589        17                             BUSH_fwd
    1757           9      1557.742676   -913.563965    269.772522   -663.559143      0.000000     -1.526857        16                       BUSH_grounding
    1758           9      1559.446045   -912.844971    269.894287   -972.045166      0.000000     -8.152812        15                           BUSH_chord
    1759           9      1561.192993   -912.107971    270.023590   -916.836975      0.000000    -23.110346        15                           BUSH_chord
    1760           9      1562.935059   -911.374023    270.156097   -859.151123      0.000000    -37.543640        15                           BUSH_chord
    1761           9      1564.677002   -910.638977    270.291504   -797.541260      0.000000    -44.867401        15                           BUSH_chord
    1762           9      1566.423584   -909.901367    270.429596   -226.854370      0.000000    -46.898502        15                           BUSH_chord
    1763           9      1568.159058   -909.168030    270.568207   -685.536072      0.000000    -45.803375        15                           BUSH_chord
    1764           9      1569.901001   -908.432983    270.707886   -675.637939      0.000000    -39.148457        15                           BUSH_chord
    1765           9      1571.641968   -907.697998    270.847504   -748.208313      0.000000    -31.963177        15                           BUSH_chord
    1766           9      1573.383057   -906.963013    270.986115   -912.090759      0.000000    -28.753386        15                           BUSH_chord
    1767           9      1575.229980   -906.182983    271.130890  -1164.744995      0.000000    -18.826132        15                           BUSH_chord
    1768           9      1574.836060   -900.280579    270.746002      0.000000      0.000000    -18.140451        10                             BUSH_aft
    1769           9      1573.994141   -898.193604    270.538635     -0.000000     -0.000000    -44.528324        10                             BUSH_aft
    1770           9      1572.125366   -893.561829    270.078217      0.000000      0.000000      5.136862        10                             BUSH_aft
                                                           MSC.Patran 19.1.181182 Tue Feb 19 11:19:26 PST 2013 - Analysis Code: MSC.Nastran 

                                                                            Load Case: EB_Ultimate_-1.0G, A1:Static Subcase 

                                                                      Result Bushing Forces, Translational - Layer (NON-LAYERED) 

                                                                                         Entity: Element Tensor


-Entity ID--Loadcase ID---X Location----Y Location----Z Location---X Component---Y Component---Z Component---Property ID-----------Property Name-----------
    1726           3      1576.527954   -904.473022    271.162506      0.000000    115.081940     -3.332006        10                             BUSH_aft
    1727           3      1575.678223   -902.367615    270.953369      0.000000     -0.000000     68.530434        10                             BUSH_aft
    1731           3      1571.380127   -891.714905    269.894592      0.000000      0.000000     37.105801        10                             BUSH_aft
    1732           3      1570.635010   -889.868042    269.710876     -0.000000      0.000000     52.084267        10                             BUSH_aft
    1733           3      1569.889893   -888.021118    269.527161      0.000000      0.000000     75.976967        10                             BUSH_aft
    1734           3      1569.144531   -886.174255    269.343353      0.000000      0.000000     48.634911        10                             BUSH_aft
    1735           3      1568.399048   -884.327026    269.159485      0.000000   -110.308510      3.809920        10                             BUSH_aft
    1736           3      1566.436035   -884.098999    268.948914   -290.550934      0.000000      6.009852        15                           BUSH_chord
    1737           3      1564.557983   -884.901978    268.803802   -291.087250      0.000000     35.665016        15                           BUSH_chord
    1738           3      1562.790039   -885.648010    268.663788   -287.001495      0.000000     47.790298        15                           BUSH_chord
    1739           3      1561.022949   -886.393982    268.521790   -280.573273      0.000000     57.142910        15                           BUSH_chord
    1740           3      1559.255981   -887.140015    268.378815   -274.531494      0.000000     59.704239        15                           BUSH_chord
    1741           3      1557.489014   -887.887024    268.235504   -286.770111      0.000000     62.365658        15                           BUSH_chord
    1742           3      1555.722046   -888.632996    268.092804   -325.199310      0.000000     69.870438        15                           BUSH_chord
    1743           3      1553.954956   -889.379028    267.951294   -380.222443      0.000000     69.962776        15                           BUSH_chord
    1744           3      1552.178467   -890.124817    267.810974    -80.188789      0.000000     60.593185        15                           BUSH_chord
    1745           3      1550.441040   -890.862000    267.676788   -337.357971      0.000000     31.716738        15                           BUSH_chord
    1746           3      1548.838013   -891.538025    267.555695   -235.384277      0.000000      0.938643        16                       BUSH_grounding
    1747           3      1548.125977   -892.981995    267.572815    -88.702553      0.000000     -6.446723        17                             BUSH_fwd
    1748           3      1549.443970   -894.643982    267.804413     32.202438      0.000000     25.434923        17                             BUSH_fwd
    1749           3      1550.983032   -896.101990    268.045593     64.752869      0.000000    246.520767        17                             BUSH_fwd
    1750           3      1552.947998   -899.867004    268.468506    -60.155502     -0.000000    304.585388        17                             BUSH_fwd
    1751           3      1553.604980   -901.481018    268.631195   -161.207108     -0.000000     80.648972        17                             BUSH_fwd
    1752           3      1554.262939   -903.093994    268.793793   -180.347809      0.000000     82.526627        17                             BUSH_fwd
    1753           3      1554.920044   -904.706970    268.956390   -155.609070      0.000000    187.366638        17                             BUSH_fwd
    1754           3      1556.160034   -908.778015    269.325592    -32.309319      0.000000    145.960831        17                             BUSH_fwd
    1755           3      1556.097900   -910.908936    269.450562     12.453226      0.000000     20.770529        17                             BUSH_fwd
    1756           3      1556.326050   -913.026001    269.603790    161.644058     -0.000000     14.430381        17                             BUSH_fwd
    1757           3      1557.742676   -913.563965    269.772522    204.374451     -0.000000     -2.243175        16                       BUSH_grounding
    1758           3      1559.446045   -912.844971    269.894287    340.383118     -0.000000      7.963440        15                           BUSH_chord
    1759           3      1561.192993   -912.107971    270.023590    365.563934     -0.000000     30.040350        15                           BUSH_chord
    1760           3      1562.935059   -911.374023    270.156097    388.632629     -0.000000     52.596954        15                           BUSH_chord
    1761           3      1564.677002   -910.638977    270.291504    404.770050     -0.000000     65.154778        15                           BUSH_chord
    1762           3      1566.423584   -909.901367    270.429596    124.010750     -0.000000     71.237640        15                           BUSH_chord
    1763           3      1568.159058   -909.168030    270.568207    389.050659     -0.000000     73.863121        15                           BUSH_chord
    1764           3      1569.901001   -908.432983    270.707886    361.501282     -0.000000     66.855339        15                           BUSH_chord
    1765           3      1571.641968   -907.697998    270.847504    335.917938     -0.000000     58.519409        15                           BUSH_chord
    1766           3      1573.383057   -906.963013    270.986115    306.839722     -0.000000     53.175385        15                           BUSH_chord
    1767           3      1575.229980   -906.182983    271.130890    256.174255     -0.000000     23.623766        15                           BUSH_chord
    1768           3      1574.836060   -900.280579    270.746002      0.000000      0.000000     50.999451        10                             BUSH_aft
    1769           3      1573.994141   -898.193604    270.538635      0.000000      0.000000    372.068542        10                             BUSH_aft
    1770           3      1572.125366   -893.561829    270.078217      0.000000      0.000000    328.715576        10                             BUSH_aft


                                                                                          SUMMARY INFORMATION
                                                                                      _________________________

                                                                                             Min/Max Values
    -Source ID--Entity ID---Sub ID----X Component--
Min:     1       1767          0     -1164.744995
Max:     1       1736          0      1146.026367
    -Source ID--Entity ID---Sub ID----Y Component--
Min:     1       1726          0      -375.499176
Max:     1       1735          0       371.799591
    -Source ID--Entity ID---Sub ID----Z Component--
Min:     1       1750          0      -326.794647
Max:     2       1769          0       372.068542


                                                                                             Result Sources
-Source Id---Loadcase Name---------Subcase Name---------Layer Name----
      1     EB_Ultimate_+2.5G     A1:Static Subcase    (NON-LAYERED)      
      2     EB_Ultimate_-1.0G     A1:Static Subcase    (NON-LAYERED)      



